<?xml version="1.0" encoding="UTF-8"?>
<!-- Generated by org.testng.reporters.JUnitXMLReporter -->
<testsuite hostname="DESKTOP-5674CP9" ignored="0" name="Edit_Profile" tests="10" failures="10" timestamp="2021-01-07T16:02:42 IST" time="0.058" errors="0">
  <testcase name="Edit_Option_Is_Present_In_Hamburger" time="0.005" classname="EicherMobileAutomation.EicherMobileAppAutomation.Edit_Profile">
    <failure type="java.lang.NullPointerException">
      <![CDATA[java.lang.NullPointerException
at EicherMobileAutomation.EicherMobileAppAutomation.Edit_Profile.Edit_Option_Is_Present_In_Hamburger(Edit_Profile.java:86)
at java.util.ArrayList.forEach(Unknown Source)
... Removed 27 stack frames]]>
    </failure>
  </testcase> <!-- Edit_Option_Is_Present_In_Hamburger -->
  <testcase name="EDIT_PROFILE_is_updated_page_in_EDIT_Option_in_Hamburger" time="0.005" classname="EicherMobileAutomation.EicherMobileAppAutomation.Edit_Profile">
    <failure type="java.lang.NullPointerException">
      <![CDATA[java.lang.NullPointerException
at EicherMobileAutomation.EicherMobileAppAutomation.Edit_Profile.EDIT_PROFILE_is_updated_page_in_EDIT_Option_in_Hamburger(Edit_Profile.java:101)
at java.util.ArrayList.forEach(Unknown Source)
... Removed 27 stack frames]]>
    </failure>
  </testcase> <!-- EDIT_PROFILE_is_updated_page_in_EDIT_Option_in_Hamburger -->
  <testcase name="Changing_Profile_Photo_In_Edit_Option" time="0.001" classname="EicherMobileAutomation.EicherMobileAppAutomation.Edit_Profile">
    <failure type="java.lang.NullPointerException">
      <![CDATA[java.lang.NullPointerException
at EicherMobileAutomation.EicherMobileAppAutomation.Edit_Profile.Changing_Profile_Photo_In_Edit_Option(Edit_Profile.java:115)
at java.util.ArrayList.forEach(Unknown Source)
... Removed 27 stack frames]]>
    </failure>
  </testcase> <!-- Changing_Profile_Photo_In_Edit_Option -->
  <testcase name="Verify_That_RoleName_FullName_MobileNo_EmailAddress_Is_Not_Editable" time="0.001" classname="EicherMobileAutomation.EicherMobileAppAutomation.Edit_Profile">
    <failure type="java.lang.NullPointerException">
      <![CDATA[java.lang.NullPointerException
at EicherMobileAutomation.EicherMobileAppAutomation.Edit_Profile.Verify_That_RoleName_FullName_MobileNo_EmailAddress_Is_Not_Editable(Edit_Profile.java:128)
at java.util.ArrayList.forEach(Unknown Source)
... Removed 27 stack frames]]>
    </failure>
  </testcase> <!-- Verify_That_RoleName_FullName_MobileNo_EmailAddress_Is_Not_Editable -->
  <testcase name="Editing_Anniversary_Date_In_Edit_Option" time="0.001" classname="EicherMobileAutomation.EicherMobileAppAutomation.Edit_Profile">
    <failure type="java.lang.NullPointerException">
      <![CDATA[java.lang.NullPointerException
at EicherMobileAutomation.EicherMobileAppAutomation.Edit_Profile.Editing_Anniversary_Date_In_Edit_Option(Edit_Profile.java:153)
at java.util.ArrayList.forEach(Unknown Source)
... Removed 27 stack frames]]>
    </failure>
  </testcase> <!-- Editing_Anniversary_Date_In_Edit_Option -->
  <testcase name="Editing_Address_In_Edit_Option" time="0.006" classname="EicherMobileAutomation.EicherMobileAppAutomation.Edit_Profile">
    <failure type="java.lang.NullPointerException">
      <![CDATA[java.lang.NullPointerException
at EicherMobileAutomation.EicherMobileAppAutomation.Edit_Profile.Editing_Address_In_Edit_Option(Edit_Profile.java:227)
at java.util.ArrayList.forEach(Unknown Source)
... Removed 27 stack frames]]>
    </failure>
  </testcase> <!-- Editing_Address_In_Edit_Option -->
  <testcase name="Editing_Gender_In_Edit_Option" time="0.001" classname="EicherMobileAutomation.EicherMobileAppAutomation.Edit_Profile">
    <failure type="java.lang.NullPointerException">
      <![CDATA[java.lang.NullPointerException
at EicherMobileAutomation.EicherMobileAppAutomation.Edit_Profile.Editing_Gender_In_Edit_Option(Edit_Profile.java:240)
at java.util.ArrayList.forEach(Unknown Source)
... Removed 27 stack frames]]>
    </failure>
  </testcase> <!-- Editing_Gender_In_Edit_Option -->
  <testcase name="Editing_DOB_In_Edit_Option" time="0.001" classname="EicherMobileAutomation.EicherMobileAppAutomation.Edit_Profile">
    <failure type="java.lang.NullPointerException">
      <![CDATA[java.lang.NullPointerException
at EicherMobileAutomation.EicherMobileAppAutomation.Edit_Profile.Editing_DOB_In_Edit_Option(Edit_Profile.java:250)
at java.util.ArrayList.forEach(Unknown Source)
... Removed 27 stack frames]]>
    </failure>
  </testcase> <!-- Editing_DOB_In_Edit_Option -->
  <testcase name="Clicking_On_Save_Profile_Button_In_Edit_Option" time="0.001" classname="EicherMobileAutomation.EicherMobileAppAutomation.Edit_Profile">
    <failure type="java.lang.NullPointerException">
      <![CDATA[java.lang.NullPointerException
at EicherMobileAutomation.EicherMobileAppAutomation.Edit_Profile.Clicking_On_Save_Profile_Button_In_Edit_Option(Edit_Profile.java:326)
at java.util.ArrayList.forEach(Unknown Source)
... Removed 27 stack frames]]>
    </failure>
  </testcase> <!-- Clicking_On_Save_Profile_Button_In_Edit_Option -->
  <testcase name="Updated_Screen_After_Profile_Update_Is_My_Eicher" time="0.001" classname="EicherMobileAutomation.EicherMobileAppAutomation.Edit_Profile">
    <failure type="java.lang.NullPointerException">
      <![CDATA[java.lang.NullPointerException
at EicherMobileAutomation.EicherMobileAppAutomation.Edit_Profile.Updated_Screen_After_Profile_Update_Is_My_Eicher(Edit_Profile.java:344)
at java.util.ArrayList.forEach(Unknown Source)
... Removed 27 stack frames]]>
    </failure>
  </testcase> <!-- Updated_Screen_After_Profile_Update_Is_My_Eicher -->
</testsuite> <!-- Edit_Profile -->
