<?xml version="1.0" encoding="UTF-8"?>
<!-- Generated by org.testng.reporters.JUnitXMLReporter -->
<testsuite hostname="DESKTOP-KJQ204F" ignored="5" name="FleetAssignment_Owner" tests="4" failures="3" timestamp="2020-12-15T09:31:07 IST" time="89.888" errors="0">
  <testcase name="Selecting_A_Role_And_assigning_a_contact_person_from_hamburger" time="24.985" classname="EicherMobileAutomation.EicherMobileAppAutomation.FleetAssignment_Owner"/>
  <testcase name="Resending_An_Invite" time="13.295" classname="EicherMobileAutomation.EicherMobileAppAutomation.FleetAssignment_Owner">
    <failure type="org.openqa.selenium.NoSuchElementException" message="An element could not be located on the page using the given search parameters.
For documentation on this error, please visit: https://www.seleniumhq.org/exceptions/no_such_element.html
Build info: version: &amp;apos;3.141.59&amp;apos;, revision: &amp;apos;e82be7d358&amp;apos;, time: &amp;apos;2018-11-14T08:17:03&amp;apos;
System info: host: &amp;apos;DESKTOP-KJQ204F&amp;apos;, ip: &amp;apos;192.168.1.29&amp;apos;, os.name: &amp;apos;Windows 10&amp;apos;, os.arch: &amp;apos;amd64&amp;apos;, os.version: &amp;apos;10.0&amp;apos;, java.version: &amp;apos;1.8.0_261&amp;apos;
Driver info: io.appium.java_client.android.AndroidDriver
Capabilities {app: C:\Users\hp\eclipse-workspa..., appPackage: com.app.cep, autoGrantPermissions: true, automationName: uiautomator2, databaseEnabled: false, desired: {app: C:\Users\hp\eclipse-workspa..., autoGrantPermissions: true, automationName: uiautomator2, deviceName: Nokia, newCommandTimeout: 14, platformName: android}, deviceApiLevel: 29, deviceManufacturer: HMD Global, deviceModel: Nokia 6.1, deviceName: PL2GAR4820310149, deviceScreenDensity: 420, deviceScreenSize: 1080x1920, deviceUDID: PL2GAR4820310149, javascriptEnabled: true, locationContextEnabled: false, networkConnectionEnabled: true, newCommandTimeout: 14, pixelRatio: 2.625, platform: LINUX, platformName: Android, platformVersion: 10, statBarHeight: 63, takesScreenshot: true, viewportRect: {height: 1731, left: 0, top: 63, width: 1080}, warnings: {}, webStorageEnabled: false}
Session ID: f9e6bdad-dc80-4f39-8a47-40df52fbcd83
*** Element info: {Using=xpath, value=//android.widget.TextView[@text=&amp;apos;INVITE SENT TO MZ&amp;apos;]}">
      <![CDATA[org.openqa.selenium.NoSuchElementException: An element could not be located on the page using the given search parameters.
For documentation on this error, please visit: https://www.seleniumhq.org/exceptions/no_such_element.html
Build info: version: '3.141.59', revision: 'e82be7d358', time: '2018-11-14T08:17:03'
System info: host: 'DESKTOP-KJQ204F', ip: '192.168.1.29', os.name: 'Windows 10', os.arch: 'amd64', os.version: '10.0', java.version: '1.8.0_261'
Driver info: io.appium.java_client.android.AndroidDriver
Capabilities {app: C:\Users\hp\eclipse-workspa..., appPackage: com.app.cep, autoGrantPermissions: true, automationName: uiautomator2, databaseEnabled: false, desired: {app: C:\Users\hp\eclipse-workspa..., autoGrantPermissions: true, automationName: uiautomator2, deviceName: Nokia, newCommandTimeout: 14, platformName: android}, deviceApiLevel: 29, deviceManufacturer: HMD Global, deviceModel: Nokia 6.1, deviceName: PL2GAR4820310149, deviceScreenDensity: 420, deviceScreenSize: 1080x1920, deviceUDID: PL2GAR4820310149, javascriptEnabled: true, locationContextEnabled: false, networkConnectionEnabled: true, newCommandTimeout: 14, pixelRatio: 2.625, platform: LINUX, platformName: Android, platformVersion: 10, statBarHeight: 63, takesScreenshot: true, viewportRect: {height: 1731, left: 0, top: 63, width: 1080}, warnings: {}, webStorageEnabled: false}
Session ID: f9e6bdad-dc80-4f39-8a47-40df52fbcd83
*** Element info: {Using=xpath, value=//android.widget.TextView[@text='INVITE SENT TO MZ']}
at org.openqa.selenium.remote.http.W3CHttpResponseCodec.createException(W3CHttpResponseCodec.java:187)
at org.openqa.selenium.remote.http.W3CHttpResponseCodec.decode(W3CHttpResponseCodec.java:122)
at org.openqa.selenium.remote.http.W3CHttpResponseCodec.decode(W3CHttpResponseCodec.java:49)
at org.openqa.selenium.remote.HttpCommandExecutor.execute(HttpCommandExecutor.java:158)
at io.appium.java_client.remote.AppiumCommandExecutor.execute(AppiumCommandExecutor.java:239)
at org.openqa.selenium.remote.RemoteWebDriver.execute(RemoteWebDriver.java:552)
at io.appium.java_client.DefaultGenericMobileDriver.execute(DefaultGenericMobileDriver.java:41)
at io.appium.java_client.AppiumDriver.execute(AppiumDriver.java:1)
at io.appium.java_client.android.AndroidDriver.execute(AndroidDriver.java:1)
at org.openqa.selenium.remote.RemoteWebDriver.findElement(RemoteWebDriver.java:323)
at io.appium.java_client.DefaultGenericMobileDriver.findElement(DefaultGenericMobileDriver.java:61)
at io.appium.java_client.AppiumDriver.findElement(AppiumDriver.java:1)
at io.appium.java_client.android.AndroidDriver.findElement(AndroidDriver.java:1)
at org.openqa.selenium.remote.RemoteWebDriver.findElementByXPath(RemoteWebDriver.java:428)
at io.appium.java_client.DefaultGenericMobileDriver.findElementByXPath(DefaultGenericMobileDriver.java:151)
at io.appium.java_client.AppiumDriver.findElementByXPath(AppiumDriver.java:1)
at io.appium.java_client.android.AndroidDriver.findElementByXPath(AndroidDriver.java:1)
at EicherMobileAutomation.EicherMobileAppAutomation.FleetAssignment_Owner.Resending_An_Invite(FleetAssignment_Owner.java:191)
at java.util.ArrayList.forEach(Unknown Source)
... Removed 31 stack frames]]>
    </failure>
  </testcase> <!-- Resending_An_Invite -->
  <testcase name="Assign_Fleet_To_The_Designated_Users_Manager" time="10.382" classname="EicherMobileAutomation.EicherMobileAppAutomation.FleetAssignment_Owner">
    <failure type="org.openqa.selenium.NoSuchElementException" message="An element could not be located on the page using the given search parameters.
For documentation on this error, please visit: https://www.seleniumhq.org/exceptions/no_such_element.html
Build info: version: &amp;apos;3.141.59&amp;apos;, revision: &amp;apos;e82be7d358&amp;apos;, time: &amp;apos;2018-11-14T08:17:03&amp;apos;
System info: host: &amp;apos;DESKTOP-KJQ204F&amp;apos;, ip: &amp;apos;192.168.1.29&amp;apos;, os.name: &amp;apos;Windows 10&amp;apos;, os.arch: &amp;apos;amd64&amp;apos;, os.version: &amp;apos;10.0&amp;apos;, java.version: &amp;apos;1.8.0_261&amp;apos;
Driver info: io.appium.java_client.android.AndroidDriver
Capabilities {app: C:\Users\hp\eclipse-workspa..., appPackage: com.app.cep, autoGrantPermissions: true, automationName: uiautomator2, databaseEnabled: false, desired: {app: C:\Users\hp\eclipse-workspa..., autoGrantPermissions: true, automationName: uiautomator2, deviceName: Nokia, newCommandTimeout: 14, platformName: android}, deviceApiLevel: 29, deviceManufacturer: HMD Global, deviceModel: Nokia 6.1, deviceName: PL2GAR4820310149, deviceScreenDensity: 420, deviceScreenSize: 1080x1920, deviceUDID: PL2GAR4820310149, javascriptEnabled: true, locationContextEnabled: false, networkConnectionEnabled: true, newCommandTimeout: 14, pixelRatio: 2.625, platform: LINUX, platformName: Android, platformVersion: 10, statBarHeight: 63, takesScreenshot: true, viewportRect: {height: 1731, left: 0, top: 63, width: 1080}, warnings: {}, webStorageEnabled: false}
Session ID: f9e6bdad-dc80-4f39-8a47-40df52fbcd83
*** Element info: {Using=id, value=com.app.cep:id/llowner_manager}">
      <![CDATA[org.openqa.selenium.NoSuchElementException: An element could not be located on the page using the given search parameters.
For documentation on this error, please visit: https://www.seleniumhq.org/exceptions/no_such_element.html
Build info: version: '3.141.59', revision: 'e82be7d358', time: '2018-11-14T08:17:03'
System info: host: 'DESKTOP-KJQ204F', ip: '192.168.1.29', os.name: 'Windows 10', os.arch: 'amd64', os.version: '10.0', java.version: '1.8.0_261'
Driver info: io.appium.java_client.android.AndroidDriver
Capabilities {app: C:\Users\hp\eclipse-workspa..., appPackage: com.app.cep, autoGrantPermissions: true, automationName: uiautomator2, databaseEnabled: false, desired: {app: C:\Users\hp\eclipse-workspa..., autoGrantPermissions: true, automationName: uiautomator2, deviceName: Nokia, newCommandTimeout: 14, platformName: android}, deviceApiLevel: 29, deviceManufacturer: HMD Global, deviceModel: Nokia 6.1, deviceName: PL2GAR4820310149, deviceScreenDensity: 420, deviceScreenSize: 1080x1920, deviceUDID: PL2GAR4820310149, javascriptEnabled: true, locationContextEnabled: false, networkConnectionEnabled: true, newCommandTimeout: 14, pixelRatio: 2.625, platform: LINUX, platformName: Android, platformVersion: 10, statBarHeight: 63, takesScreenshot: true, viewportRect: {height: 1731, left: 0, top: 63, width: 1080}, warnings: {}, webStorageEnabled: false}
Session ID: f9e6bdad-dc80-4f39-8a47-40df52fbcd83
*** Element info: {Using=id, value=com.app.cep:id/llowner_manager}
at org.openqa.selenium.remote.http.W3CHttpResponseCodec.createException(W3CHttpResponseCodec.java:187)
at org.openqa.selenium.remote.http.W3CHttpResponseCodec.decode(W3CHttpResponseCodec.java:122)
at org.openqa.selenium.remote.http.W3CHttpResponseCodec.decode(W3CHttpResponseCodec.java:49)
at org.openqa.selenium.remote.HttpCommandExecutor.execute(HttpCommandExecutor.java:158)
at io.appium.java_client.remote.AppiumCommandExecutor.execute(AppiumCommandExecutor.java:239)
at org.openqa.selenium.remote.RemoteWebDriver.execute(RemoteWebDriver.java:552)
at io.appium.java_client.DefaultGenericMobileDriver.execute(DefaultGenericMobileDriver.java:41)
at io.appium.java_client.AppiumDriver.execute(AppiumDriver.java:1)
at io.appium.java_client.android.AndroidDriver.execute(AndroidDriver.java:1)
at org.openqa.selenium.remote.RemoteWebDriver.findElement(RemoteWebDriver.java:323)
at io.appium.java_client.DefaultGenericMobileDriver.findElement(DefaultGenericMobileDriver.java:61)
at io.appium.java_client.AppiumDriver.findElement(AppiumDriver.java:1)
at io.appium.java_client.android.AndroidDriver.findElement(AndroidDriver.java:1)
at org.openqa.selenium.remote.RemoteWebDriver.findElementById(RemoteWebDriver.java:372)
at io.appium.java_client.DefaultGenericMobileDriver.findElementById(DefaultGenericMobileDriver.java:69)
at io.appium.java_client.AppiumDriver.findElementById(AppiumDriver.java:1)
at io.appium.java_client.android.AndroidDriver.findElementById(AndroidDriver.java:1)
at org.openqa.selenium.By$ById.findElement(By.java:188)
at org.openqa.selenium.remote.RemoteWebDriver.findElement(RemoteWebDriver.java:315)
at io.appium.java_client.DefaultGenericMobileDriver.findElement(DefaultGenericMobileDriver.java:57)
at io.appium.java_client.AppiumDriver.findElement(AppiumDriver.java:1)
at io.appium.java_client.android.AndroidDriver.findElement(AndroidDriver.java:1)
at EicherMobileAutomation.EicherMobileAppAutomation.FleetAssignment_Owner.Assign_Fleet_To_The_Designated_Users_Manager(FleetAssignment_Owner.java:213)
at java.util.ArrayList.forEach(Unknown Source)
... Removed 31 stack frames]]>
    </failure>
  </testcase> <!-- Assign_Fleet_To_The_Designated_Users_Manager -->
  <testcase name="Unassign_Fleet_To_The_Designated_Users_Manager" time="11.756" classname="EicherMobileAutomation.EicherMobileAppAutomation.FleetAssignment_Owner">
    <failure type="org.openqa.selenium.NoSuchElementException" message="An element could not be located on the page using the given search parameters.
For documentation on this error, please visit: https://www.seleniumhq.org/exceptions/no_such_element.html
Build info: version: &amp;apos;3.141.59&amp;apos;, revision: &amp;apos;e82be7d358&amp;apos;, time: &amp;apos;2018-11-14T08:17:03&amp;apos;
System info: host: &amp;apos;DESKTOP-KJQ204F&amp;apos;, ip: &amp;apos;192.168.1.29&amp;apos;, os.name: &amp;apos;Windows 10&amp;apos;, os.arch: &amp;apos;amd64&amp;apos;, os.version: &amp;apos;10.0&amp;apos;, java.version: &amp;apos;1.8.0_261&amp;apos;
Driver info: io.appium.java_client.android.AndroidDriver
Capabilities {app: C:\Users\hp\eclipse-workspa..., appPackage: com.app.cep, autoGrantPermissions: true, automationName: uiautomator2, databaseEnabled: false, desired: {app: C:\Users\hp\eclipse-workspa..., autoGrantPermissions: true, automationName: uiautomator2, deviceName: Nokia, newCommandTimeout: 14, platformName: android}, deviceApiLevel: 29, deviceManufacturer: HMD Global, deviceModel: Nokia 6.1, deviceName: PL2GAR4820310149, deviceScreenDensity: 420, deviceScreenSize: 1080x1920, deviceUDID: PL2GAR4820310149, javascriptEnabled: true, locationContextEnabled: false, networkConnectionEnabled: true, newCommandTimeout: 14, pixelRatio: 2.625, platform: LINUX, platformName: Android, platformVersion: 10, statBarHeight: 63, takesScreenshot: true, viewportRect: {height: 1731, left: 0, top: 63, width: 1080}, warnings: {}, webStorageEnabled: false}
Session ID: f9e6bdad-dc80-4f39-8a47-40df52fbcd83
*** Element info: {Using=-android uiautomator, value=new UiScrollable(new UiSelector().scrollable(true).instance(0)).scrollIntoView(new UiSelector().textContains(&amp;quot;Assad ffff&amp;quot;).instance(0))}">
      <![CDATA[org.openqa.selenium.NoSuchElementException: An element could not be located on the page using the given search parameters.
For documentation on this error, please visit: https://www.seleniumhq.org/exceptions/no_such_element.html
Build info: version: '3.141.59', revision: 'e82be7d358', time: '2018-11-14T08:17:03'
System info: host: 'DESKTOP-KJQ204F', ip: '192.168.1.29', os.name: 'Windows 10', os.arch: 'amd64', os.version: '10.0', java.version: '1.8.0_261'
Driver info: io.appium.java_client.android.AndroidDriver
Capabilities {app: C:\Users\hp\eclipse-workspa..., appPackage: com.app.cep, autoGrantPermissions: true, automationName: uiautomator2, databaseEnabled: false, desired: {app: C:\Users\hp\eclipse-workspa..., autoGrantPermissions: true, automationName: uiautomator2, deviceName: Nokia, newCommandTimeout: 14, platformName: android}, deviceApiLevel: 29, deviceManufacturer: HMD Global, deviceModel: Nokia 6.1, deviceName: PL2GAR4820310149, deviceScreenDensity: 420, deviceScreenSize: 1080x1920, deviceUDID: PL2GAR4820310149, javascriptEnabled: true, locationContextEnabled: false, networkConnectionEnabled: true, newCommandTimeout: 14, pixelRatio: 2.625, platform: LINUX, platformName: Android, platformVersion: 10, statBarHeight: 63, takesScreenshot: true, viewportRect: {height: 1731, left: 0, top: 63, width: 1080}, warnings: {}, webStorageEnabled: false}
Session ID: f9e6bdad-dc80-4f39-8a47-40df52fbcd83
*** Element info: {Using=-android uiautomator, value=new UiScrollable(new UiSelector().scrollable(true).instance(0)).scrollIntoView(new UiSelector().textContains("Assad ffff").instance(0))}
at org.openqa.selenium.remote.http.W3CHttpResponseCodec.createException(W3CHttpResponseCodec.java:187)
at org.openqa.selenium.remote.http.W3CHttpResponseCodec.decode(W3CHttpResponseCodec.java:122)
at org.openqa.selenium.remote.http.W3CHttpResponseCodec.decode(W3CHttpResponseCodec.java:49)
at org.openqa.selenium.remote.HttpCommandExecutor.execute(HttpCommandExecutor.java:158)
at io.appium.java_client.remote.AppiumCommandExecutor.execute(AppiumCommandExecutor.java:239)
at org.openqa.selenium.remote.RemoteWebDriver.execute(RemoteWebDriver.java:552)
at io.appium.java_client.DefaultGenericMobileDriver.execute(DefaultGenericMobileDriver.java:41)
at io.appium.java_client.AppiumDriver.execute(AppiumDriver.java:1)
at io.appium.java_client.android.AndroidDriver.execute(AndroidDriver.java:1)
at org.openqa.selenium.remote.RemoteWebDriver.findElement(RemoteWebDriver.java:323)
at io.appium.java_client.DefaultGenericMobileDriver.findElement(DefaultGenericMobileDriver.java:61)
at io.appium.java_client.AppiumDriver.findElement(AppiumDriver.java:1)
at io.appium.java_client.android.AndroidDriver.findElement(AndroidDriver.java:1)
at io.appium.java_client.FindsByAndroidUIAutomator.findElementByAndroidUIAutomator(FindsByAndroidUIAutomator.java:38)
at EicherMobileAutomation.EicherMobileAppAutomation.FleetAssignment_Owner.Unassign_Fleet_To_The_Designated_Users_Manager(FleetAssignment_Owner.java:249)
at java.util.ArrayList.forEach(Unknown Source)
... Removed 31 stack frames]]>
    </failure>
  </testcase> <!-- Unassign_Fleet_To_The_Designated_Users_Manager -->
  <testcase name="HamburgerLogout" time="0.0" classname="EicherMobileAutomation.EicherMobileAppAutomation.FleetAssignment_Owner">
    <ignored/>
  </testcase> <!-- HamburgerLogout -->
  <testcase name="DeleteApp" time="0.0" classname="EicherMobileAutomation.EicherMobileAppAutomation.FleetAssignment_Owner">
    <ignored/>
  </testcase> <!-- DeleteApp -->
  <testcase name="Unassign_Fleet_from_designated_users" time="0.0" classname="EicherMobileAutomation.EicherMobileAppAutomation.FleetAssignment_Owner">
    <ignored/>
  </testcase> <!-- Unassign_Fleet_from_designated_users -->
  <testcase name="QuickActionableCards" time="0.0" classname="EicherMobileAutomation.EicherMobileAppAutomation.FleetAssignment_Owner">
    <ignored/>
  </testcase> <!-- QuickActionableCards -->
  <testcase name="Assign_Fleet_To_The_Designated_Users" time="0.0" classname="EicherMobileAutomation.EicherMobileAppAutomation.FleetAssignment_Owner">
    <ignored/>
  </testcase> <!-- Assign_Fleet_To_The_Designated_Users -->
</testsuite> <!-- FleetAssignment_Owner -->
