<?xml version="1.0" encoding="UTF-8"?>
<!-- Generated by org.testng.reporters.JUnitXMLReporter -->
<testsuite hostname="DESKTOP-5674CP9" ignored="0" name="Fleet_Monitor" tests="6" failures="1" timestamp="2021-01-11T17:48:17 IST" time="277.825" errors="0">
  <testcase name="Clicking_On_Fleet_Monitor_Icon_Present_In_Bottom_Icons" time="4.657" classname="EicherMobileAutomation.EicherMobileAppAutomation.Fleet_Monitor"/>
  <testcase name="Verifying_UpdatedScreen_DefaultTab_DefaultViewType_DefaultDuration_On_FleetDashboard" time="7.801" classname="EicherMobileAutomation.EicherMobileAppAutomation.Fleet_Monitor"/>
  <testcase name="Viewing_PilotPerformance_By_Selecting_Various_ViewTypes" time="45.762" classname="EicherMobileAutomation.EicherMobileAppAutomation.Fleet_Monitor"/>
  <testcase name="Viewing_PilotPerformance_By_Selecting_Various_Duration" time="41.939" classname="EicherMobileAutomation.EicherMobileAppAutomation.Fleet_Monitor">
    <failure type="org.openqa.selenium.NoSuchElementException" message="An element could not be located on the page using the given search parameters.
For documentation on this error, please visit: https://www.seleniumhq.org/exceptions/no_such_element.html
Build info: version: &amp;apos;3.141.59&amp;apos;, revision: &amp;apos;e82be7d358&amp;apos;, time: &amp;apos;2018-11-14T08:17:03&amp;apos;
System info: host: &amp;apos;DESKTOP-5674CP9&amp;apos;, ip: &amp;apos;192.168.207.2&amp;apos;, os.name: &amp;apos;Windows 10&amp;apos;, os.arch: &amp;apos;amd64&amp;apos;, os.version: &amp;apos;10.0&amp;apos;, java.version: &amp;apos;1.8.0_271&amp;apos;
Driver info: io.appium.java_client.android.AndroidDriver
Capabilities {app: E:\Hussain\Automation Scrip..., appPackage: com.app.cep, autoGrantPermissions: true, automationName: uiautomator2, databaseEnabled: false, desired: {app: E:\Hussain\Automation Scrip..., autoGrantPermissions: true, automationName: uiautomator2, deviceName: Samsun Galaxy J7 Duos, newCommandTimeout: 14, platformName: android}, deviceApiLevel: 29, deviceManufacturer: samsung, deviceModel: SM-J720F, deviceName: 192.168.0.101:5555, deviceScreenDensity: 280, deviceScreenSize: 720x1280, deviceUDID: 192.168.0.101:5555, javascriptEnabled: true, locationContextEnabled: false, networkConnectionEnabled: true, newCommandTimeout: 14, pixelRatio: 1.75, platform: LINUX, platformName: Android, platformVersion: 10, statBarHeight: 42, takesScreenshot: true, viewportRect: {height: 1238, left: 0, top: 42, width: 720}, warnings: {}, webStorageEnabled: false}
Session ID: 5d735bf1-1350-46db-8b86-806a8972b9ef
*** Element info: {Using=xpath, value=//android.widget.TextView[@resource-id=&amp;apos;com.app.cep:id/tvYearTitle&amp;apos;]}">
      <![CDATA[org.openqa.selenium.NoSuchElementException: An element could not be located on the page using the given search parameters.
For documentation on this error, please visit: https://www.seleniumhq.org/exceptions/no_such_element.html
Build info: version: '3.141.59', revision: 'e82be7d358', time: '2018-11-14T08:17:03'
System info: host: 'DESKTOP-5674CP9', ip: '192.168.207.2', os.name: 'Windows 10', os.arch: 'amd64', os.version: '10.0', java.version: '1.8.0_271'
Driver info: io.appium.java_client.android.AndroidDriver
Capabilities {app: E:\Hussain\Automation Scrip..., appPackage: com.app.cep, autoGrantPermissions: true, automationName: uiautomator2, databaseEnabled: false, desired: {app: E:\Hussain\Automation Scrip..., autoGrantPermissions: true, automationName: uiautomator2, deviceName: Samsun Galaxy J7 Duos, newCommandTimeout: 14, platformName: android}, deviceApiLevel: 29, deviceManufacturer: samsung, deviceModel: SM-J720F, deviceName: 192.168.0.101:5555, deviceScreenDensity: 280, deviceScreenSize: 720x1280, deviceUDID: 192.168.0.101:5555, javascriptEnabled: true, locationContextEnabled: false, networkConnectionEnabled: true, newCommandTimeout: 14, pixelRatio: 1.75, platform: LINUX, platformName: Android, platformVersion: 10, statBarHeight: 42, takesScreenshot: true, viewportRect: {height: 1238, left: 0, top: 42, width: 720}, warnings: {}, webStorageEnabled: false}
Session ID: 5d735bf1-1350-46db-8b86-806a8972b9ef
*** Element info: {Using=xpath, value=//android.widget.TextView[@resource-id='com.app.cep:id/tvYearTitle']}
at org.openqa.selenium.remote.http.W3CHttpResponseCodec.createException(W3CHttpResponseCodec.java:187)
at org.openqa.selenium.remote.http.W3CHttpResponseCodec.decode(W3CHttpResponseCodec.java:122)
at org.openqa.selenium.remote.http.W3CHttpResponseCodec.decode(W3CHttpResponseCodec.java:49)
at org.openqa.selenium.remote.HttpCommandExecutor.execute(HttpCommandExecutor.java:158)
at io.appium.java_client.remote.AppiumCommandExecutor.execute(AppiumCommandExecutor.java:239)
at org.openqa.selenium.remote.RemoteWebDriver.execute(RemoteWebDriver.java:552)
at io.appium.java_client.DefaultGenericMobileDriver.execute(DefaultGenericMobileDriver.java:41)
at io.appium.java_client.AppiumDriver.execute(AppiumDriver.java:1)
at io.appium.java_client.android.AndroidDriver.execute(AndroidDriver.java:1)
at org.openqa.selenium.remote.RemoteWebDriver.findElement(RemoteWebDriver.java:323)
at io.appium.java_client.DefaultGenericMobileDriver.findElement(DefaultGenericMobileDriver.java:61)
at io.appium.java_client.AppiumDriver.findElement(AppiumDriver.java:1)
at io.appium.java_client.android.AndroidDriver.findElement(AndroidDriver.java:1)
at org.openqa.selenium.remote.RemoteWebDriver.findElementByXPath(RemoteWebDriver.java:428)
at io.appium.java_client.DefaultGenericMobileDriver.findElementByXPath(DefaultGenericMobileDriver.java:151)
at io.appium.java_client.AppiumDriver.findElementByXPath(AppiumDriver.java:1)
at io.appium.java_client.android.AndroidDriver.findElementByXPath(AndroidDriver.java:1)
at org.openqa.selenium.By$ByXPath.findElement(By.java:353)
at org.openqa.selenium.remote.RemoteWebDriver.findElement(RemoteWebDriver.java:315)
at io.appium.java_client.DefaultGenericMobileDriver.findElement(DefaultGenericMobileDriver.java:57)
at io.appium.java_client.AppiumDriver.findElement(AppiumDriver.java:1)
at io.appium.java_client.android.AndroidDriver.findElement(AndroidDriver.java:1)
at EicherMobileAutomation.EicherMobileAppAutomation.Fleet_Monitor.Viewing_PilotPerformance_By_Selecting_Various_Duration(Fleet_Monitor.java:183)
at java.util.ArrayList.forEach(Unknown Source)
... Removed 31 stack frames]]>
    </failure>
  </testcase> <!-- Viewing_PilotPerformance_By_Selecting_Various_Duration -->
  <testcase name="Switching_To_Fuel_Tab_On_FleetDashboard" time="61.21" classname="EicherMobileAutomation.EicherMobileAppAutomation.Fleet_Monitor"/>
  <testcase name="Switching_To_DrivingBehaviour_Tab_On_FleetDashboard" time="116.434" classname="EicherMobileAutomation.EicherMobileAppAutomation.Fleet_Monitor"/>
</testsuite> <!-- Fleet_Monitor -->
