<?xml version="1.0" encoding="UTF-8"?>
<!-- Generated by org.testng.reporters.JUnitXMLReporter -->
<testsuite hostname="DESKTOP-5674CP9" ignored="0" name="Fleet_Improvement" tests="13" failures="0" timestamp="2021-01-07T12:50:41 IST" time="168.43" errors="0">
  <testcase name="Clicking_On_Fleet_Improvement_Icon_Present_In_Bottom_Icons" time="4.525" classname="EicherMobileAutomation.EicherMobileAppAutomation.Fleet_Improvement"/>
  <testcase name="Fleet_Improvement_Is_The_Updated_Page" time="1.344" classname="EicherMobileAutomation.EicherMobileAppAutomation.Fleet_Improvement"/>
  <testcase name="Clicking_On_Discuss_With_Eicher_Team_Button" time="7.926" classname="EicherMobileAutomation.EicherMobileAppAutomation.Fleet_Improvement"/>
  <testcase name="Fleet_Improvement_Dashboard_Is_The_Updated_Page" time="1.18" classname="EicherMobileAutomation.EicherMobileAppAutomation.Fleet_Improvement"/>
  <testcase name="Clicking_On_View_Details_Button_Of_Overall_Fleet_Score_Card" time="3.249" classname="EicherMobileAutomation.EicherMobileAppAutomation.Fleet_Improvement"/>
  <testcase name="Verifing_UpdatedScreen_DefaultTab_VehicleType_In_FleetScoreDetail" time="1.383" classname="EicherMobileAutomation.EicherMobileAppAutomation.Fleet_Improvement"/>
  <testcase name="Selecting_Pilots_From_PilotList_On_FleetScoreCard_Screen" time="9.703" classname="EicherMobileAutomation.EicherMobileAppAutomation.Fleet_Improvement"/>
  <testcase name="Verifying_ScreenName_And_PilotName_On_Updated_Screen_After_Selecting_Pilot" time="16.74" classname="EicherMobileAutomation.EicherMobileAppAutomation.Fleet_Improvement"/>
  <testcase name="Verifying_Parameters_Of_Fuel_Tab_In_FleetScoreDetails" time="38.17" classname="EicherMobileAutomation.EicherMobileAppAutomation.Fleet_Improvement"/>
  <testcase name="Verifying_Parameters_Of_Trip_Tab_In_FleetScoreDetails" time="39.408" classname="EicherMobileAutomation.EicherMobileAppAutomation.Fleet_Improvement"/>
  <testcase name="Selecting_VehicleType_As_Model_Cluster" time="5.013" classname="EicherMobileAutomation.EicherMobileAppAutomation.Fleet_Improvement"/>
  <testcase name="Registering_Driver_Training_Program_On_Fleet_Improvement" time="24.453" classname="EicherMobileAutomation.EicherMobileAppAutomation.Fleet_Improvement"/>
  <testcase name="FleetPolicyForService_On_FleetImprovement" time="15.295" classname="EicherMobileAutomation.EicherMobileAppAutomation.Fleet_Improvement"/>
</testsuite> <!-- Fleet_Improvement -->
