<?xml version="1.0" encoding="UTF-8"?>
<!-- Generated by org.testng.reporters.JUnitXMLReporter -->
<testsuite hostname="DESKTOP-5674CP9" ignored="0" name="KnowledgeCentre" tests="6" failures="0" timestamp="2020-12-23T21:16:04 IST" time="7.384" errors="0">
  <testcase name="KnowledgeCentreOptionIsPresentInHamburger" time="3.314" classname="EicherMobileAutomation.EicherMobileAppAutomation.KnowledgeCentre"/>
  <testcase name="Vehicle_Option_Is_Present_In_Knowledge_Centre_In_Hamburger" time="0.594" classname="EicherMobileAutomation.EicherMobileAppAutomation.KnowledgeCentre"/>
  <testcase name="Verify_that_User_Is_On_Vehicle_Screen" time="0.876" classname="EicherMobileAutomation.EicherMobileAppAutomation.KnowledgeCentre"/>
  <testcase name="Dashboard_in_Vehicle_Screen_In_Knowledge_Centre" time="0.642" classname="EicherMobileAutomation.EicherMobileAppAutomation.KnowledgeCentre"/>
  <testcase name="EATS_in_Vehicle_Screen_In_Knowledge_Centre" time="0.263" classname="EicherMobileAutomation.EicherMobileAppAutomation.KnowledgeCentre"/>
  <testcase name="Transmission_in_Vehicle_Screen_In_Knowledge_Centre" time="1.686" classname="EicherMobileAutomation.EicherMobileAppAutomation.KnowledgeCentre"/>
</testsuite> <!-- KnowledgeCentre -->
