<?xml version="1.0" encoding="UTF-8"?>
<!-- Generated by org.testng.reporters.JUnitXMLReporter -->
<testsuite hostname="DESKTOP-5674CP9" ignored="2" name="LocateADealer" tests="4" failures="0" timestamp="2020-12-23T21:15:13 IST" time="10.539" errors="0">
  <testcase name="DealerLocatorOptionIsPresentInHamburger" time="2.079" classname="EicherMobileAutomation.EicherMobileAppAutomation.LocateADealer"/>
  <testcase name="DealerLocatorScreenAppears" time="5.241" classname="EicherMobileAutomation.EicherMobileAppAutomation.LocateADealer"/>
  <testcase name="StandardMapViewAppears" time="0.481" classname="EicherMobileAutomation.EicherMobileAppAutomation.LocateADealer"/>
  <testcase name="evaluatingTouchPointsforRoute" time="2.719" classname="EicherMobileAutomation.EicherMobileAppAutomation.LocateADealer"/>
  <testcase name="evaluatingTouchPointsforParticularRoute" time="0.0" classname="EicherMobileAutomation.EicherMobileAppAutomation.LocateADealer">
    <ignored/>
  </testcase> <!-- evaluatingTouchPointsforParticularRoute -->
  <testcase name="SearchForLocationBasisStateCity" time="0.0" classname="EicherMobileAutomation.EicherMobileAppAutomation.LocateADealer">
    <ignored/>
  </testcase> <!-- SearchForLocationBasisStateCity -->
</testsuite> <!-- LocateADealer -->
