<?xml version="1.0" encoding="UTF-8"?>
<!-- Generated by org.testng.reporters.JUnitXMLReporter -->
<testsuite hostname="DESKTOP-5674CP9" ignored="1" name="ManageFleet" tests="5" failures="5" timestamp="2020-12-23T21:15:02 IST" time="41.799" errors="0">
  <testcase name="ManageVehiclesOptionIsPresentInHamburger" time="10.815" classname="EicherMobileAutomation.EicherMobileAppAutomation.ManageFleet">
    <failure type="org.openqa.selenium.NoSuchElementException" message="An element could not be located on the page using the given search parameters.
For documentation on this error, please visit: https://www.seleniumhq.org/exceptions/no_such_element.html
Build info: version: &amp;apos;3.141.59&amp;apos;, revision: &amp;apos;e82be7d358&amp;apos;, time: &amp;apos;2018-11-14T08:17:03&amp;apos;
System info: host: &amp;apos;DESKTOP-5674CP9&amp;apos;, ip: &amp;apos;192.168.207.2&amp;apos;, os.name: &amp;apos;Windows 10&amp;apos;, os.arch: &amp;apos;amd64&amp;apos;, os.version: &amp;apos;10.0&amp;apos;, java.version: &amp;apos;1.8.0_271&amp;apos;
Driver info: io.appium.java_client.android.AndroidDriver
Capabilities {app: E:\Hussain\Automation Scrip..., appPackage: com.app.cep, autoGrantPermissions: true, automationName: uiautomator2, databaseEnabled: false, desired: {app: E:\Hussain\Automation Scrip..., autoGrantPermissions: true, automationName: uiautomator2, deviceName: Samsun Galaxy J7 Duos, newCommandTimeout: 14, platformName: android}, deviceApiLevel: 29, deviceManufacturer: samsung, deviceModel: SM-J720F, deviceName: 192.168.0.103:5555, deviceScreenDensity: 280, deviceScreenSize: 720x1280, deviceUDID: 192.168.0.103:5555, javascriptEnabled: true, locationContextEnabled: false, networkConnectionEnabled: true, newCommandTimeout: 14, pixelRatio: 1.75, platform: LINUX, platformName: Android, platformVersion: 10, statBarHeight: 42, takesScreenshot: true, viewportRect: {height: 1238, left: 0, top: 42, width: 720}, warnings: {}, webStorageEnabled: false}
Session ID: 8c3ca9da-360e-421a-bc2a-daba851dc2fe
*** Element info: {Using=id, value=com.app.cep:id/tvMangaeVehicle}">
      <![CDATA[org.openqa.selenium.NoSuchElementException: An element could not be located on the page using the given search parameters.
For documentation on this error, please visit: https://www.seleniumhq.org/exceptions/no_such_element.html
Build info: version: '3.141.59', revision: 'e82be7d358', time: '2018-11-14T08:17:03'
System info: host: 'DESKTOP-5674CP9', ip: '192.168.207.2', os.name: 'Windows 10', os.arch: 'amd64', os.version: '10.0', java.version: '1.8.0_271'
Driver info: io.appium.java_client.android.AndroidDriver
Capabilities {app: E:\Hussain\Automation Scrip..., appPackage: com.app.cep, autoGrantPermissions: true, automationName: uiautomator2, databaseEnabled: false, desired: {app: E:\Hussain\Automation Scrip..., autoGrantPermissions: true, automationName: uiautomator2, deviceName: Samsun Galaxy J7 Duos, newCommandTimeout: 14, platformName: android}, deviceApiLevel: 29, deviceManufacturer: samsung, deviceModel: SM-J720F, deviceName: 192.168.0.103:5555, deviceScreenDensity: 280, deviceScreenSize: 720x1280, deviceUDID: 192.168.0.103:5555, javascriptEnabled: true, locationContextEnabled: false, networkConnectionEnabled: true, newCommandTimeout: 14, pixelRatio: 1.75, platform: LINUX, platformName: Android, platformVersion: 10, statBarHeight: 42, takesScreenshot: true, viewportRect: {height: 1238, left: 0, top: 42, width: 720}, warnings: {}, webStorageEnabled: false}
Session ID: 8c3ca9da-360e-421a-bc2a-daba851dc2fe
*** Element info: {Using=id, value=com.app.cep:id/tvMangaeVehicle}
at org.openqa.selenium.remote.http.W3CHttpResponseCodec.createException(W3CHttpResponseCodec.java:187)
at org.openqa.selenium.remote.http.W3CHttpResponseCodec.decode(W3CHttpResponseCodec.java:122)
at org.openqa.selenium.remote.http.W3CHttpResponseCodec.decode(W3CHttpResponseCodec.java:49)
at org.openqa.selenium.remote.HttpCommandExecutor.execute(HttpCommandExecutor.java:158)
at io.appium.java_client.remote.AppiumCommandExecutor.execute(AppiumCommandExecutor.java:239)
at org.openqa.selenium.remote.RemoteWebDriver.execute(RemoteWebDriver.java:552)
at io.appium.java_client.DefaultGenericMobileDriver.execute(DefaultGenericMobileDriver.java:41)
at io.appium.java_client.AppiumDriver.execute(AppiumDriver.java:1)
at io.appium.java_client.android.AndroidDriver.execute(AndroidDriver.java:1)
at org.openqa.selenium.remote.RemoteWebDriver.findElement(RemoteWebDriver.java:323)
at io.appium.java_client.DefaultGenericMobileDriver.findElement(DefaultGenericMobileDriver.java:61)
at io.appium.java_client.AppiumDriver.findElement(AppiumDriver.java:1)
at io.appium.java_client.android.AndroidDriver.findElement(AndroidDriver.java:1)
at org.openqa.selenium.remote.RemoteWebDriver.findElementById(RemoteWebDriver.java:372)
at io.appium.java_client.DefaultGenericMobileDriver.findElementById(DefaultGenericMobileDriver.java:69)
at io.appium.java_client.AppiumDriver.findElementById(AppiumDriver.java:1)
at io.appium.java_client.android.AndroidDriver.findElementById(AndroidDriver.java:1)
at org.openqa.selenium.By$ById.findElement(By.java:188)
at org.openqa.selenium.remote.RemoteWebDriver.findElement(RemoteWebDriver.java:315)
at io.appium.java_client.DefaultGenericMobileDriver.findElement(DefaultGenericMobileDriver.java:57)
at io.appium.java_client.AppiumDriver.findElement(AppiumDriver.java:1)
at io.appium.java_client.android.AndroidDriver.findElement(AndroidDriver.java:1)
at EicherMobileAutomation.EicherMobileAppAutomation.ManageFleet.ManageVehiclesOptionIsPresentInHamburger(ManageFleet.java:87)
at java.util.ArrayList.forEach(Unknown Source)
... Removed 31 stack frames]]>
    </failure>
  </testcase> <!-- ManageVehiclesOptionIsPresentInHamburger -->
  <testcase name="VEHICLES_FLEETScreenAppears" time="10.215" classname="EicherMobileAutomation.EicherMobileAppAutomation.ManageFleet">
    <failure type="org.openqa.selenium.NoSuchElementException" message="An element could not be located on the page using the given search parameters.
For documentation on this error, please visit: https://www.seleniumhq.org/exceptions/no_such_element.html
Build info: version: &amp;apos;3.141.59&amp;apos;, revision: &amp;apos;e82be7d358&amp;apos;, time: &amp;apos;2018-11-14T08:17:03&amp;apos;
System info: host: &amp;apos;DESKTOP-5674CP9&amp;apos;, ip: &amp;apos;192.168.207.2&amp;apos;, os.name: &amp;apos;Windows 10&amp;apos;, os.arch: &amp;apos;amd64&amp;apos;, os.version: &amp;apos;10.0&amp;apos;, java.version: &amp;apos;1.8.0_271&amp;apos;
Driver info: io.appium.java_client.android.AndroidDriver
Capabilities {app: E:\Hussain\Automation Scrip..., appPackage: com.app.cep, autoGrantPermissions: true, automationName: uiautomator2, databaseEnabled: false, desired: {app: E:\Hussain\Automation Scrip..., autoGrantPermissions: true, automationName: uiautomator2, deviceName: Samsun Galaxy J7 Duos, newCommandTimeout: 14, platformName: android}, deviceApiLevel: 29, deviceManufacturer: samsung, deviceModel: SM-J720F, deviceName: 192.168.0.103:5555, deviceScreenDensity: 280, deviceScreenSize: 720x1280, deviceUDID: 192.168.0.103:5555, javascriptEnabled: true, locationContextEnabled: false, networkConnectionEnabled: true, newCommandTimeout: 14, pixelRatio: 1.75, platform: LINUX, platformName: Android, platformVersion: 10, statBarHeight: 42, takesScreenshot: true, viewportRect: {height: 1238, left: 0, top: 42, width: 720}, warnings: {}, webStorageEnabled: false}
Session ID: 8c3ca9da-360e-421a-bc2a-daba851dc2fe
*** Element info: {Using=xpath, value=//android.widget.TextView[@text=&amp;apos;VEHICLES/FLEET&amp;apos;]}">
      <![CDATA[org.openqa.selenium.NoSuchElementException: An element could not be located on the page using the given search parameters.
For documentation on this error, please visit: https://www.seleniumhq.org/exceptions/no_such_element.html
Build info: version: '3.141.59', revision: 'e82be7d358', time: '2018-11-14T08:17:03'
System info: host: 'DESKTOP-5674CP9', ip: '192.168.207.2', os.name: 'Windows 10', os.arch: 'amd64', os.version: '10.0', java.version: '1.8.0_271'
Driver info: io.appium.java_client.android.AndroidDriver
Capabilities {app: E:\Hussain\Automation Scrip..., appPackage: com.app.cep, autoGrantPermissions: true, automationName: uiautomator2, databaseEnabled: false, desired: {app: E:\Hussain\Automation Scrip..., autoGrantPermissions: true, automationName: uiautomator2, deviceName: Samsun Galaxy J7 Duos, newCommandTimeout: 14, platformName: android}, deviceApiLevel: 29, deviceManufacturer: samsung, deviceModel: SM-J720F, deviceName: 192.168.0.103:5555, deviceScreenDensity: 280, deviceScreenSize: 720x1280, deviceUDID: 192.168.0.103:5555, javascriptEnabled: true, locationContextEnabled: false, networkConnectionEnabled: true, newCommandTimeout: 14, pixelRatio: 1.75, platform: LINUX, platformName: Android, platformVersion: 10, statBarHeight: 42, takesScreenshot: true, viewportRect: {height: 1238, left: 0, top: 42, width: 720}, warnings: {}, webStorageEnabled: false}
Session ID: 8c3ca9da-360e-421a-bc2a-daba851dc2fe
*** Element info: {Using=xpath, value=//android.widget.TextView[@text='VEHICLES/FLEET']}
at org.openqa.selenium.remote.http.W3CHttpResponseCodec.createException(W3CHttpResponseCodec.java:187)
at org.openqa.selenium.remote.http.W3CHttpResponseCodec.decode(W3CHttpResponseCodec.java:122)
at org.openqa.selenium.remote.http.W3CHttpResponseCodec.decode(W3CHttpResponseCodec.java:49)
at org.openqa.selenium.remote.HttpCommandExecutor.execute(HttpCommandExecutor.java:158)
at io.appium.java_client.remote.AppiumCommandExecutor.execute(AppiumCommandExecutor.java:239)
at org.openqa.selenium.remote.RemoteWebDriver.execute(RemoteWebDriver.java:552)
at io.appium.java_client.DefaultGenericMobileDriver.execute(DefaultGenericMobileDriver.java:41)
at io.appium.java_client.AppiumDriver.execute(AppiumDriver.java:1)
at io.appium.java_client.android.AndroidDriver.execute(AndroidDriver.java:1)
at org.openqa.selenium.remote.RemoteWebDriver.findElement(RemoteWebDriver.java:323)
at io.appium.java_client.DefaultGenericMobileDriver.findElement(DefaultGenericMobileDriver.java:61)
at io.appium.java_client.AppiumDriver.findElement(AppiumDriver.java:1)
at io.appium.java_client.android.AndroidDriver.findElement(AndroidDriver.java:1)
at org.openqa.selenium.remote.RemoteWebDriver.findElementByXPath(RemoteWebDriver.java:428)
at io.appium.java_client.DefaultGenericMobileDriver.findElementByXPath(DefaultGenericMobileDriver.java:151)
at io.appium.java_client.AppiumDriver.findElementByXPath(AppiumDriver.java:1)
at io.appium.java_client.android.AndroidDriver.findElementByXPath(AndroidDriver.java:1)
at EicherMobileAutomation.EicherMobileAppAutomation.ManageFleet.VEHICLES_FLEETScreenAppears(ManageFleet.java:102)
at java.util.ArrayList.forEach(Unknown Source)
... Removed 31 stack frames]]>
    </failure>
  </testcase> <!-- VEHICLES_FLEETScreenAppears -->
  <testcase name="Assign_Fleet_To_The_Designated_Users_Manager" time="0.042" classname="EicherMobileAutomation.EicherMobileAppAutomation.ManageFleet">
    <failure type="java.sql.SQLException" message="Access denied for user &amp;apos;root&amp;apos;@&amp;apos;localhost&amp;apos; (using password: YES)">
      <![CDATA[java.sql.SQLException: Access denied for user 'root'@'localhost' (using password: YES)
at com.mysql.cj.jdbc.exceptions.SQLError.createSQLException(SQLError.java:129)
at com.mysql.cj.jdbc.exceptions.SQLError.createSQLException(SQLError.java:97)
at com.mysql.cj.jdbc.exceptions.SQLExceptionsMapping.translateException(SQLExceptionsMapping.java:122)
at com.mysql.cj.jdbc.ConnectionImpl.createNewIO(ConnectionImpl.java:836)
at com.mysql.cj.jdbc.ConnectionImpl.<init>(ConnectionImpl.java:456)
at com.mysql.cj.jdbc.ConnectionImpl.getInstance(ConnectionImpl.java:246)
at com.mysql.cj.jdbc.NonRegisteringDriver.connect(NonRegisteringDriver.java:198)
at java.sql.DriverManager.getConnection(Unknown Source)
at java.sql.DriverManager.getConnection(Unknown Source)
at EicherMobileAutomation.EicherMobileAppAutomation.ManageFleet.Assign_Fleet_To_The_Designated_Users_Manager(ManageFleet.java:116)
at java.util.ArrayList.forEach(Unknown Source)
... Removed 27 stack frames]]>
    </failure>
  </testcase> <!-- Assign_Fleet_To_The_Designated_Users_Manager -->
  <testcase name="SERVICEHISTORYscreenAppearsOnTappingViewServiceHistory" time="10.534" classname="EicherMobileAutomation.EicherMobileAppAutomation.ManageFleet">
    <failure type="org.openqa.selenium.NoSuchElementException" message="An element could not be located on the page using the given search parameters.
For documentation on this error, please visit: https://www.seleniumhq.org/exceptions/no_such_element.html
Build info: version: &amp;apos;3.141.59&amp;apos;, revision: &amp;apos;e82be7d358&amp;apos;, time: &amp;apos;2018-11-14T08:17:03&amp;apos;
System info: host: &amp;apos;DESKTOP-5674CP9&amp;apos;, ip: &amp;apos;192.168.207.2&amp;apos;, os.name: &amp;apos;Windows 10&amp;apos;, os.arch: &amp;apos;amd64&amp;apos;, os.version: &amp;apos;10.0&amp;apos;, java.version: &amp;apos;1.8.0_271&amp;apos;
Driver info: io.appium.java_client.android.AndroidDriver
Capabilities {app: E:\Hussain\Automation Scrip..., appPackage: com.app.cep, autoGrantPermissions: true, automationName: uiautomator2, databaseEnabled: false, desired: {app: E:\Hussain\Automation Scrip..., autoGrantPermissions: true, automationName: uiautomator2, deviceName: Samsun Galaxy J7 Duos, newCommandTimeout: 14, platformName: android}, deviceApiLevel: 29, deviceManufacturer: samsung, deviceModel: SM-J720F, deviceName: 192.168.0.103:5555, deviceScreenDensity: 280, deviceScreenSize: 720x1280, deviceUDID: 192.168.0.103:5555, javascriptEnabled: true, locationContextEnabled: false, networkConnectionEnabled: true, newCommandTimeout: 14, pixelRatio: 1.75, platform: LINUX, platformName: Android, platformVersion: 10, statBarHeight: 42, takesScreenshot: true, viewportRect: {height: 1238, left: 0, top: 42, width: 720}, warnings: {}, webStorageEnabled: false}
Session ID: 8c3ca9da-360e-421a-bc2a-daba851dc2fe
*** Element info: {Using=id, value=com.app.cep:id/tvViewedService}">
      <![CDATA[org.openqa.selenium.NoSuchElementException: An element could not be located on the page using the given search parameters.
For documentation on this error, please visit: https://www.seleniumhq.org/exceptions/no_such_element.html
Build info: version: '3.141.59', revision: 'e82be7d358', time: '2018-11-14T08:17:03'
System info: host: 'DESKTOP-5674CP9', ip: '192.168.207.2', os.name: 'Windows 10', os.arch: 'amd64', os.version: '10.0', java.version: '1.8.0_271'
Driver info: io.appium.java_client.android.AndroidDriver
Capabilities {app: E:\Hussain\Automation Scrip..., appPackage: com.app.cep, autoGrantPermissions: true, automationName: uiautomator2, databaseEnabled: false, desired: {app: E:\Hussain\Automation Scrip..., autoGrantPermissions: true, automationName: uiautomator2, deviceName: Samsun Galaxy J7 Duos, newCommandTimeout: 14, platformName: android}, deviceApiLevel: 29, deviceManufacturer: samsung, deviceModel: SM-J720F, deviceName: 192.168.0.103:5555, deviceScreenDensity: 280, deviceScreenSize: 720x1280, deviceUDID: 192.168.0.103:5555, javascriptEnabled: true, locationContextEnabled: false, networkConnectionEnabled: true, newCommandTimeout: 14, pixelRatio: 1.75, platform: LINUX, platformName: Android, platformVersion: 10, statBarHeight: 42, takesScreenshot: true, viewportRect: {height: 1238, left: 0, top: 42, width: 720}, warnings: {}, webStorageEnabled: false}
Session ID: 8c3ca9da-360e-421a-bc2a-daba851dc2fe
*** Element info: {Using=id, value=com.app.cep:id/tvViewedService}
at org.openqa.selenium.remote.http.W3CHttpResponseCodec.createException(W3CHttpResponseCodec.java:187)
at org.openqa.selenium.remote.http.W3CHttpResponseCodec.decode(W3CHttpResponseCodec.java:122)
at org.openqa.selenium.remote.http.W3CHttpResponseCodec.decode(W3CHttpResponseCodec.java:49)
at org.openqa.selenium.remote.HttpCommandExecutor.execute(HttpCommandExecutor.java:158)
at io.appium.java_client.remote.AppiumCommandExecutor.execute(AppiumCommandExecutor.java:239)
at org.openqa.selenium.remote.RemoteWebDriver.execute(RemoteWebDriver.java:552)
at io.appium.java_client.DefaultGenericMobileDriver.execute(DefaultGenericMobileDriver.java:41)
at io.appium.java_client.AppiumDriver.execute(AppiumDriver.java:1)
at io.appium.java_client.android.AndroidDriver.execute(AndroidDriver.java:1)
at org.openqa.selenium.remote.RemoteWebDriver.findElement(RemoteWebDriver.java:323)
at io.appium.java_client.DefaultGenericMobileDriver.findElement(DefaultGenericMobileDriver.java:61)
at io.appium.java_client.AppiumDriver.findElement(AppiumDriver.java:1)
at io.appium.java_client.android.AndroidDriver.findElement(AndroidDriver.java:1)
at org.openqa.selenium.remote.RemoteWebDriver.findElementById(RemoteWebDriver.java:372)
at io.appium.java_client.DefaultGenericMobileDriver.findElementById(DefaultGenericMobileDriver.java:69)
at io.appium.java_client.AppiumDriver.findElementById(AppiumDriver.java:1)
at io.appium.java_client.android.AndroidDriver.findElementById(AndroidDriver.java:1)
at org.openqa.selenium.By$ById.findElement(By.java:188)
at org.openqa.selenium.remote.RemoteWebDriver.findElement(RemoteWebDriver.java:315)
at io.appium.java_client.DefaultGenericMobileDriver.findElement(DefaultGenericMobileDriver.java:57)
at io.appium.java_client.AppiumDriver.findElement(AppiumDriver.java:1)
at io.appium.java_client.android.AndroidDriver.findElement(AndroidDriver.java:1)
at EicherMobileAutomation.EicherMobileAppAutomation.ManageFleet.SERVICEHISTORYscreenAppearsOnTappingViewServiceHistory(ManageFleet.java:134)
at java.util.ArrayList.forEach(Unknown Source)
... Removed 31 stack frames]]>
    </failure>
  </testcase> <!-- SERVICEHISTORYscreenAppearsOnTappingViewServiceHistory -->
  <testcase name="ReSchedulescreenAppearsOnTappingReSchedulebutton" time="10.168" classname="EicherMobileAutomation.EicherMobileAppAutomation.ManageFleet">
    <failure type="org.openqa.selenium.NoSuchElementException" message="An element could not be located on the page using the given search parameters.
For documentation on this error, please visit: https://www.seleniumhq.org/exceptions/no_such_element.html
Build info: version: &amp;apos;3.141.59&amp;apos;, revision: &amp;apos;e82be7d358&amp;apos;, time: &amp;apos;2018-11-14T08:17:03&amp;apos;
System info: host: &amp;apos;DESKTOP-5674CP9&amp;apos;, ip: &amp;apos;192.168.207.2&amp;apos;, os.name: &amp;apos;Windows 10&amp;apos;, os.arch: &amp;apos;amd64&amp;apos;, os.version: &amp;apos;10.0&amp;apos;, java.version: &amp;apos;1.8.0_271&amp;apos;
Driver info: io.appium.java_client.android.AndroidDriver
Capabilities {app: E:\Hussain\Automation Scrip..., appPackage: com.app.cep, autoGrantPermissions: true, automationName: uiautomator2, databaseEnabled: false, desired: {app: E:\Hussain\Automation Scrip..., autoGrantPermissions: true, automationName: uiautomator2, deviceName: Samsun Galaxy J7 Duos, newCommandTimeout: 14, platformName: android}, deviceApiLevel: 29, deviceManufacturer: samsung, deviceModel: SM-J720F, deviceName: 192.168.0.103:5555, deviceScreenDensity: 280, deviceScreenSize: 720x1280, deviceUDID: 192.168.0.103:5555, javascriptEnabled: true, locationContextEnabled: false, networkConnectionEnabled: true, newCommandTimeout: 14, pixelRatio: 1.75, platform: LINUX, platformName: Android, platformVersion: 10, statBarHeight: 42, takesScreenshot: true, viewportRect: {height: 1238, left: 0, top: 42, width: 720}, warnings: {}, webStorageEnabled: false}
Session ID: 8c3ca9da-360e-421a-bc2a-daba851dc2fe
*** Element info: {Using=id, value=com.app.cep:id/tvBookService}">
      <![CDATA[org.openqa.selenium.NoSuchElementException: An element could not be located on the page using the given search parameters.
For documentation on this error, please visit: https://www.seleniumhq.org/exceptions/no_such_element.html
Build info: version: '3.141.59', revision: 'e82be7d358', time: '2018-11-14T08:17:03'
System info: host: 'DESKTOP-5674CP9', ip: '192.168.207.2', os.name: 'Windows 10', os.arch: 'amd64', os.version: '10.0', java.version: '1.8.0_271'
Driver info: io.appium.java_client.android.AndroidDriver
Capabilities {app: E:\Hussain\Automation Scrip..., appPackage: com.app.cep, autoGrantPermissions: true, automationName: uiautomator2, databaseEnabled: false, desired: {app: E:\Hussain\Automation Scrip..., autoGrantPermissions: true, automationName: uiautomator2, deviceName: Samsun Galaxy J7 Duos, newCommandTimeout: 14, platformName: android}, deviceApiLevel: 29, deviceManufacturer: samsung, deviceModel: SM-J720F, deviceName: 192.168.0.103:5555, deviceScreenDensity: 280, deviceScreenSize: 720x1280, deviceUDID: 192.168.0.103:5555, javascriptEnabled: true, locationContextEnabled: false, networkConnectionEnabled: true, newCommandTimeout: 14, pixelRatio: 1.75, platform: LINUX, platformName: Android, platformVersion: 10, statBarHeight: 42, takesScreenshot: true, viewportRect: {height: 1238, left: 0, top: 42, width: 720}, warnings: {}, webStorageEnabled: false}
Session ID: 8c3ca9da-360e-421a-bc2a-daba851dc2fe
*** Element info: {Using=id, value=com.app.cep:id/tvBookService}
at org.openqa.selenium.remote.http.W3CHttpResponseCodec.createException(W3CHttpResponseCodec.java:187)
at org.openqa.selenium.remote.http.W3CHttpResponseCodec.decode(W3CHttpResponseCodec.java:122)
at org.openqa.selenium.remote.http.W3CHttpResponseCodec.decode(W3CHttpResponseCodec.java:49)
at org.openqa.selenium.remote.HttpCommandExecutor.execute(HttpCommandExecutor.java:158)
at io.appium.java_client.remote.AppiumCommandExecutor.execute(AppiumCommandExecutor.java:239)
at org.openqa.selenium.remote.RemoteWebDriver.execute(RemoteWebDriver.java:552)
at io.appium.java_client.DefaultGenericMobileDriver.execute(DefaultGenericMobileDriver.java:41)
at io.appium.java_client.AppiumDriver.execute(AppiumDriver.java:1)
at io.appium.java_client.android.AndroidDriver.execute(AndroidDriver.java:1)
at org.openqa.selenium.remote.RemoteWebDriver.findElement(RemoteWebDriver.java:323)
at io.appium.java_client.DefaultGenericMobileDriver.findElement(DefaultGenericMobileDriver.java:61)
at io.appium.java_client.AppiumDriver.findElement(AppiumDriver.java:1)
at io.appium.java_client.android.AndroidDriver.findElement(AndroidDriver.java:1)
at org.openqa.selenium.remote.RemoteWebDriver.findElementById(RemoteWebDriver.java:372)
at io.appium.java_client.DefaultGenericMobileDriver.findElementById(DefaultGenericMobileDriver.java:69)
at io.appium.java_client.AppiumDriver.findElementById(AppiumDriver.java:1)
at io.appium.java_client.android.AndroidDriver.findElementById(AndroidDriver.java:1)
at org.openqa.selenium.By$ById.findElement(By.java:188)
at org.openqa.selenium.remote.RemoteWebDriver.findElement(RemoteWebDriver.java:315)
at io.appium.java_client.DefaultGenericMobileDriver.findElement(DefaultGenericMobileDriver.java:57)
at io.appium.java_client.AppiumDriver.findElement(AppiumDriver.java:1)
at io.appium.java_client.android.AndroidDriver.findElement(AndroidDriver.java:1)
at EicherMobileAutomation.EicherMobileAppAutomation.ManageFleet.ReSchedulescreenAppearsOnTappingReSchedulebutton(ManageFleet.java:164)
at java.util.ArrayList.forEach(Unknown Source)
... Removed 31 stack frames]]>
    </failure>
  </testcase> <!-- ReSchedulescreenAppearsOnTappingReSchedulebutton -->
  <testcase name="BOOKSERVICEscreenAppearsOnTappingBookService" time="0.0" classname="EicherMobileAutomation.EicherMobileAppAutomation.ManageFleet">
    <ignored/>
  </testcase> <!-- BOOKSERVICEscreenAppearsOnTappingBookService -->
</testsuite> <!-- ManageFleet -->
