<?xml version="1.0" encoding="UTF-8"?>
<!-- Generated by org.testng.reporters.JUnitXMLReporter -->
<testsuite hostname="DESKTOP-5674CP9" ignored="0" name="OurProducts" tests="6" failures="0" timestamp="2020-12-23T21:15:56 IST" time="43.808" errors="0">
  <testcase name="OurProductsOptionIsPresentInHamburger" time="5.49" classname="EicherMobileAutomation.EicherMobileAppAutomation.OurProducts"/>
  <testcase name="ProductCatalogueScreenAppears" time="2.397" classname="EicherMobileAutomation.EicherMobileAppAutomation.OurProducts"/>
  <testcase name="FilterSpecificTypesOfProductsByClickingOnPredefinedSection" time="0.12" classname="EicherMobileAutomation.EicherMobileAppAutomation.OurProducts"/>
  <testcase name="HeavyDutyTrucks_Tripper" time="13.487" classname="EicherMobileAutomation.EicherMobileAppAutomation.OurProducts"/>
  <testcase name="HeavyDutyTrucks_Haulage" time="11.238" classname="EicherMobileAutomation.EicherMobileAppAutomation.OurProducts"/>
  <testcase name="HeavyDutyTrucks_TractorTrailer" time="11.056" classname="EicherMobileAutomation.EicherMobileAppAutomation.OurProducts"/>
</testsuite> <!-- OurProducts -->
